# JRE version: Java(TM) SE Runtime Environment (8.0_144-b01) (build 1.8.0_144-b01)
# Java VM: Java HotSpot(TM) 64-Bit Server VM (25.144-b01 mixed mode windows-amd64 compressed oops)
Heap:
 PSYoungGen      total 54784K, used 23167K [0x0000000780100000, 0x0000000784200000, 0x00000007c0000000)
  eden space 45056K, 41% used [0x0000000780100000,0x00000007813480c8,0x0000000782d00000)
  from space 9728K, 45% used [0x0000000783880000,0x0000000783cd7d78,0x0000000784200000)
  to   space 10752K, 0% used [0x0000000782d00000,0x0000000782d00000,0x0000000783780000)
 ParOldGen       total 90112K, used 9058K [0x0000000700200000, 0x0000000705a00000, 0x0000000780100000)
  object space 90112K, 10% used [0x0000000700200000,0x0000000700ad8b18,0x0000000705a00000)
 Metaspace       used 24032K, capacity 24374K, committed 24704K, reserved 1071104K
  class space    used 2802K, capacity 2923K, committed 2944K, reserved 1048576K
GC Heap History (10 events):
Event: 6301.370 GC heap before
{Heap before GC invocations=9 (full 1):
 PSYoungGen      total 51712K, used 51391K [0x0000000780100000, 0x0000000784980000, 0x00000007c0000000)
  eden space 47616K, 100% used [0x0000000780100000,0x0000000782f80000,0x0000000782f80000)
  from space 4096K, 92% used [0x0000000783000000,0x00000007833afcb8,0x0000000783400000)
  to   space 13312K, 0% used [0x0000000783c80000,0x0000000783c80000,0x0000000784980000)
 ParOldGen       total 90112K, used 9026K [0x0000000700200000, 0x0000000705a00000, 0x0000000780100000)
  object space 90112K, 10% used [0x0000000700200000,0x0000000700ad0b18,0x0000000705a00000)
 Metaspace       used 23900K, capacity 24246K, committed 24448K, reserved 1071104K
  class space    used 2802K, capacity 2923K, committed 2944K, reserved 1048576K
Event: 6301.373 GC heap after
Heap after GC invocations=9 (full 1):
 PSYoungGen      total 58880K, used 3908K [0x0000000780100000, 0x0000000784800000, 0x00000007c0000000)
  eden space 47104K, 0% used [0x0000000780100000,0x0000000780100000,0x0000000782f00000)
  from space 11776K, 33% used [0x0000000783c80000,0x0000000784051078,0x0000000784800000)
  to   space 12800K, 0% used [0x0000000782f00000,0x0000000782f00000,0x0000000783b80000)
 ParOldGen       total 90112K, used 9034K [0x0000000700200000, 0x0000000705a00000, 0x0000000780100000)
  object space 90112K, 10% used [0x0000000700200000,0x0000000700ad2b18,0x0000000705a00000)
 Metaspace       used 23900K, capacity 24246K, committed 24448K, reserved 1071104K
  class space    used 2802K, capacity 2923K, committed 2944K, reserved 1048576K
}
Event: 7541.371 GC heap before
{Heap before GC invocations=10 (full 1):
 PSYoungGen      total 58880K, used 51012K [0x0000000780100000, 0x0000000784800000, 0x00000007c0000000)
  eden space 47104K, 100% used [0x0000000780100000,0x0000000782f00000,0x0000000782f00000)
  from space 11776K, 33% used [0x0000000783c80000,0x0000000784051078,0x0000000784800000)
  to   space 12800K, 0% used [0x0000000782f00000,0x0000000782f00000,0x0000000783b80000)
 ParOldGen       total 90112K, used 9034K [0x0000000700200000, 0x0000000705a00000, 0x0000000780100000)
  object space 90112K, 10% used [0x0000000700200000,0x0000000700ad2b18,0x0000000705a00000)
 Metaspace       used 23972K, capacity 24310K, committed 24448K, reserved 1071104K
  class space    used 2802K, capacity 2923K, committed 2944K, reserved 1048576K
Event: 7541.374 GC heap after
Heap after GC invocations=10 (full 1):
 PSYoungGen      total 51200K, used 4207K [0x0000000780100000, 0x0000000784680000, 0x00000007c0000000)
  eden space 46592K, 0% used [0x0000000780100000,0x0000000780100000,0x0000000782e80000)
  from space 4608K, 91% used [0x0000000782f00000,0x000000078331bd48,0x0000000783380000)
  to   space 12288K, 0% used [0x0000000783a80000,0x0000000783a80000,0x0000000784680000)
 ParOldGen       total 90112K, used 9042K [0x0000000700200000, 0x0000000705a00000, 0x0000000780100000)
  object space 90112K, 10% used [0x0000000700200000,0x0000000700ad4b18,0x0000000705a00000)
 Metaspace       used 23972K, capacity 24310K, committed 24448K, reserved 1071104K
  class space    used 2802K, capacity 2923K, committed 2944K, reserved 1048576K
}
Event: 8971.369 GC heap before
{Heap before GC invocations=11 (full 1):
 PSYoungGen      total 51200K, used 50799K [0x0000000780100000, 0x0000000784680000, 0x00000007c0000000)
  eden space 46592K, 100% used [0x0000000780100000,0x0000000782e80000,0x0000000782e80000)
  from space 4608K, 91% used [0x0000000782f00000,0x000000078331bd48,0x0000000783380000)
  to   space 12288K, 0% used [0x0000000783a80000,0x0000000783a80000,0x0000000784680000)
 ParOldGen       total 90112K, used 9042K [0x0000000700200000, 0x0000000705a00000, 0x0000000780100000)
  object space 90112K, 10% used [0x0000000700200000,0x0000000700ad4b18,0x0000000705a00000)
 Metaspace       used 24010K, capacity 24374K, committed 24704K, reserved 1071104K
  class space    used 2802K, capacity 2923K, committed 2944K, reserved 1048576K
Event: 8971.373 GC heap after
Heap after GC invocations=11 (full 1):
 PSYoungGen      total 56832K, used 4479K [0x0000000780100000, 0x0000000784500000, 0x00000007c0000000)
  eden space 46080K, 0% used [0x0000000780100000,0x0000000780100000,0x0000000782e00000)
  from space 10752K, 41% used [0x0000000783a80000,0x0000000783edfd90,0x0000000784500000)
  to   space 11776K, 0% used [0x0000000782e00000,0x0000000782e00000,0x0000000783980000)
 ParOldGen       total 90112K, used 9050K [0x0000000700200000, 0x0000000705a00000, 0x0000000780100000)
  object space 90112K, 10% used [0x0000000700200000,0x0000000700ad6b18,0x0000000705a00000)
 Metaspace       used 24010K, capacity 24374K, committed 24704K, reserved 1071104K
  class space    used 2802K, capacity 2923K, committed 2944K, reserved 1048576K
}
Event: 10531.371 GC heap before
{Heap before GC invocations=12 (full 1):
 PSYoungGen      total 56832K, used 50559K [0x0000000780100000, 0x0000000784500000, 0x00000007c0000000)
  eden space 46080K, 100% used [0x0000000780100000,0x0000000782e00000,0x0000000782e00000)
  from space 10752K, 41% used [0x0000000783a80000,0x0000000783edfd90,0x0000000784500000)
  to   space 11776K, 0% used [0x0000000782e00000,0x0000000782e00000,0x0000000783980000)
 ParOldGen       total 90112K, used 9050K [0x0000000700200000, 0x0000000705a00000, 0x0000000780100000)
  object space 90112K, 10% used [0x0000000700200000,0x0000000700ad6b18,0x0000000705a00000)
 Metaspace       used 24010K, capacity 24374K, committed 24704K, reserved 1071104K
  class space    used 2802K, capacity 2923K, committed 2944K, reserved 1048576K
Event: 10531.374 GC heap after
Heap after GC invocations=12 (full 1):
 PSYoungGen      total 50176K, used 4516K [0x0000000780100000, 0x0000000784380000, 0x00000007c0000000)
  eden space 45568K, 0% used [0x0000000780100000,0x0000000780100000,0x0000000782d80000)
  from space 4608K, 98% used [0x0000000782e00000,0x00000007832690d8,0x0000000783280000)
  to   space 11264K, 0% used [0x0000000783880000,0x0000000783880000,0x0000000784380000)
 ParOldGen       total 90112K, used 9050K [0x0000000700200000, 0x0000000705a00000, 0x0000000780100000)
  object space 90112K, 10% used [0x0000000700200000,0x0000000700ad6b18,0x0000000705a00000)
 Metaspace       used 24010K, capacity 24374K, committed 24704K, reserved 1071104K
  class space    used 2802K, capacity 2923K, committed 2944K, reserved 1048576K
}
Event: 12071.370 GC heap before
{Heap before GC invocations=13 (full 1):
 PSYoungGen      total 50176K, used 50084K [0x0000000780100000, 0x0000000784380000, 0x00000007c0000000)
  eden space 45568K, 100% used [0x0000000780100000,0x0000000782d80000,0x0000000782d80000)
  from space 4608K, 98% used [0x0000000782e00000,0x00000007832690d8,0x0000000783280000)
  to   space 11264K, 0% used [0x0000000783880000,0x0000000783880000,0x0000000784380000)
 ParOldGen       total 90112K, used 9050K [0x0000000700200000, 0x0000000705a00000, 0x0000000780100000)
  object space 90112K, 10% used [0x0000000700200000,0x0000000700ad6b18,0x0000000705a00000)
 Metaspace       used 24017K, capacity 24374K, committed 24704K, reserved 1071104K
  class space    used 2802K, capacity 2923K, committed 2944K, reserved 1048576K
Event: 12071.375 GC heap after
Heap after GC invocations=13 (full 1):
 PSYoungGen      total 54784K, used 4447K [0x0000000780100000, 0x0000000784200000, 0x00000007c0000000)
  eden space 45056K, 0% used [0x0000000780100000,0x0000000780100000,0x0000000782d00000)
  from space 9728K, 45% used [0x0000000783880000,0x0000000783cd7d78,0x0000000784200000)
  to   space 10752K, 0% used [0x0000000782d00000,0x0000000782d00000,0x0000000783780000)
 ParOldGen       total 90112K, used 9058K [0x0000000700200000, 0x0000000705a00000, 0x0000000780100000)
  object space 90112K, 10% used [0x0000000700200000,0x0000000700ad8b18,0x0000000705a00000)
 Metaspace       used 24017K, capacity 24374K, committed 24704K, reserved 1071104K
  class space    used 2802K, capacity 2923K, committed 2944K, reserved 1048576K
}

